[2023-09-23 18:44:22,194:INFO:common:yaml file: config\config.yaml loaded successfully]
[2023-09-23 18:44:22,196:INFO:common:yaml file: params.yaml loaded successfully]
[2023-09-23 18:44:22,196:INFO:common:created directory at: artifacts]
[2023-09-23 18:44:22,196:INFO:common:created directory at: artifacts/prepare_base_model]
[2023-09-23 18:44:22,805:WARNING:saving_utils:Compiled the loaded model, but the compiled metrics have yet to be built. `model.compile_metrics` will be empty until you train or evaluate the model.]
[2023-09-23 18:44:26,693:INFO:main:>>>>stageData Ingestion stage started<<<<<<<]
[2023-09-23 18:44:26,714:INFO:common:yaml file: config\config.yaml loaded successfully]
[2023-09-23 18:44:26,728:INFO:common:yaml file: params.yaml loaded successfully]
[2023-09-23 18:44:26,732:INFO:common:created directory at: artifacts]
[2023-09-23 18:44:26,736:INFO:common:created directory at: artifacts/data_ingestion]
[2023-09-23 18:44:26,739:INFO:data_ingestion:File already exists of size: ~ 11345 KB]
[2023-09-23 18:44:27,590:INFO:main:>>>>stage Data Ingestion stage completed  <<<<

x===========x]
[2023-09-23 18:44:27,591:INFO:main:>>>>stagePrepare Base Model started<<<<<<<]
[2023-09-23 18:44:27,595:INFO:common:yaml file: config\config.yaml loaded successfully]
[2023-09-23 18:44:27,600:INFO:common:yaml file: params.yaml loaded successfully]
[2023-09-23 18:44:27,601:INFO:common:created directory at: artifacts]
[2023-09-23 18:44:27,601:INFO:common:created directory at: artifacts/prepare_base_model]
[2023-09-23 18:44:28,163:WARNING:saving_utils:Compiled the loaded model, but the compiled metrics have yet to be built. `model.compile_metrics` will be empty until you train or evaluate the model.]
[2023-09-23 18:44:30,765:INFO:main:>>>>stage Prepare Base Model completed  <<<<

x===========x]
[2023-09-23 18:44:30,767:INFO:main:*******************]
[2023-09-23 18:44:30,768:INFO:main:>>>>>> stage Training started <<<<<<]
[2023-09-23 18:44:30,780:INFO:common:yaml file: config\config.yaml loaded successfully]
[2023-09-23 18:44:30,787:INFO:common:yaml file: params.yaml loaded successfully]
[2023-09-23 18:44:30,789:INFO:common:created directory at: artifacts]
[2023-09-23 18:44:30,792:INFO:common:created directory at: artifacts\prepare_callbacks\checkpoint_dir]
[2023-09-23 18:44:30,794:INFO:common:created directory at: artifacts\prepare_callbacks\tensorboard_log_dir]
[2023-09-23 18:44:30,804:INFO:common:created directory at: artifacts\training]
[2023-09-23 18:45:44,439:INFO:main:>>>>>> stage Training completed <<<<<<

x==========x]
[2023-09-23 18:45:44,440:INFO:main:*******************]
[2023-09-23 18:45:44,441:INFO:main:>>>>>> stage Evaluation stage  started <<<<<<]
[2023-09-23 18:45:44,449:INFO:common:yaml file: config\config.yaml loaded successfully]
[2023-09-23 18:45:44,453:INFO:common:yaml file: params.yaml loaded successfully]
[2023-09-23 18:45:44,454:INFO:common:created directory at: artifacts]
[2023-09-23 18:46:08,471:INFO:common:json file saved at: scores.json]
[2023-09-23 18:46:08,471:INFO:main:>>>>>> stage Evaluation stage  completed <<<<<<

x==========x]
