[2023-09-03 14:14:49,287:INFO:common:yaml file: config\config.yaml loaded successfully]
[2023-09-03 14:14:49,297:INFO:common:yaml file: params.yaml loaded successfully]
[2023-09-03 14:14:49,302:INFO:common:created directory at: artifacts]
[2023-09-03 14:14:49,306:INFO:common:created directory at: artifacts\prepare_callbacks\checkpoint_dir]
[2023-09-03 14:14:49,309:INFO:common:created directory at: artifacts\prepare_callbacks\tensorboard_log_dir]
[2023-09-03 14:22:51,417:INFO:common:yaml file: config\config.yaml loaded successfully]
[2023-09-03 14:22:51,435:INFO:common:yaml file: params.yaml loaded successfully]
[2023-09-03 14:22:51,441:INFO:common:created directory at: artifacts]
[2023-09-03 14:22:51,448:INFO:common:created directory at: artifacts\prepare_callbacks\checkpoint_dir]
[2023-09-03 14:22:51,452:INFO:common:created directory at: artifacts\prepare_callbacks\tensorboard_log_dir]
[2023-09-03 14:28:07,381:INFO:common:yaml file: config\config.yaml loaded successfully]
[2023-09-03 14:28:07,387:INFO:common:yaml file: params.yaml loaded successfully]
[2023-09-03 14:28:07,391:INFO:common:created directory at: artifacts]
[2023-09-03 14:28:07,394:INFO:common:created directory at: artifacts\prepare_callbacks\checkpoint_dir]
[2023-09-03 14:28:07,397:INFO:common:created directory at: artifacts\prepare_callbacks\tensorboard_log_dir]
[2023-09-03 14:28:07,401:INFO:common:created directory at: artifacts\training]
[2023-09-03 15:43:06,758:INFO:common:yaml file: config\config.yaml loaded successfully]
[2023-09-03 15:43:06,769:INFO:common:yaml file: params.yaml loaded successfully]
[2023-09-03 15:43:06,774:INFO:common:created directory at: artifacts]
[2023-09-03 15:43:06,781:INFO:common:created directory at: artifacts\prepare_callbacks\checkpoint_dir]
[2023-09-03 15:43:06,784:INFO:common:created directory at: artifacts\prepare_callbacks\tensorboard_log_dir]
[2023-09-03 15:43:06,819:INFO:common:created directory at: artifacts\training]
