[2023-09-23 19:13:47,835:INFO:common:yaml file: config\config.yaml loaded successfully]
[2023-09-23 19:13:47,838:INFO:common:yaml file: params.yaml loaded successfully]
[2023-09-23 19:13:47,841:INFO:common:created directory at: artifacts]
[2023-09-23 19:13:47,843:INFO:common:created directory at: artifacts/prepare_base_model]
[2023-09-23 19:13:49,079:WARNING:saving_utils:Compiled the loaded model, but the compiled metrics have yet to be built. `model.compile_metrics` will be empty until you train or evaluate the model.]
[2023-09-23 19:13:50,186:INFO:main:>>>>stageData Ingestion stage started<<<<<<<]
[2023-09-23 19:13:50,197:INFO:common:yaml file: config\config.yaml loaded successfully]
[2023-09-23 19:13:50,201:INFO:common:yaml file: params.yaml loaded successfully]
[2023-09-23 19:13:50,203:INFO:common:created directory at: artifacts]
[2023-09-23 19:13:50,204:INFO:common:created directory at: artifacts/data_ingestion]
[2023-09-23 19:13:55,463:INFO:data_ingestion:artifacts/data_ingestion/data.zip download! with following info: 
Connection: close
Content-Length: 11616915
Cache-Control: max-age=300
Content-Security-Policy: default-src 'none'; style-src 'unsafe-inline'; sandbox
Content-Type: application/zip
ETag: "adf745abc03891fe493c3be264ec012691fe3fa21d861f35a27edbe6d86a76b1"
Strict-Transport-Security: max-age=31536000
X-Content-Type-Options: nosniff
X-Frame-Options: deny
X-XSS-Protection: 1; mode=block
X-GitHub-Request-Id: A14E:2F8EFD:84AC0:D7371:650EEB90
Accept-Ranges: bytes
Date: Sat, 23 Sep 2023 13:43:47 GMT
Via: 1.1 varnish
X-Served-By: cache-hyd1100031-HYD
X-Cache: MISS
X-Cache-Hits: 0
X-Timer: S1695476626.223864,VS0,VE973
Vary: Authorization,Accept-Encoding,Origin
Access-Control-Allow-Origin: *
Cross-Origin-Resource-Policy: cross-origin
X-Fastly-Request-ID: 6f727f823056df8a439d909ff3335af51b574368
Expires: Sat, 23 Sep 2023 13:48:47 GMT
Source-Age: 1

]
[2023-09-23 19:13:57,054:INFO:main:>>>>stage Data Ingestion stage completed  <<<<

x===========x]
[2023-09-23 19:13:57,055:INFO:main:>>>>stagePrepare Base Model started<<<<<<<]
[2023-09-23 19:13:57,067:INFO:common:yaml file: config\config.yaml loaded successfully]
[2023-09-23 19:13:57,072:INFO:common:yaml file: params.yaml loaded successfully]
[2023-09-23 19:13:57,074:INFO:common:created directory at: artifacts]
[2023-09-23 19:13:57,075:INFO:common:created directory at: artifacts/prepare_base_model]
[2023-09-23 19:13:57,827:WARNING:saving_utils:Compiled the loaded model, but the compiled metrics have yet to be built. `model.compile_metrics` will be empty until you train or evaluate the model.]
[2023-09-23 19:13:59,469:INFO:main:>>>>stage Prepare Base Model completed  <<<<

x===========x]
[2023-09-23 19:13:59,470:INFO:main:*******************]
[2023-09-23 19:13:59,470:INFO:main:>>>>>> stage Training started <<<<<<]
[2023-09-23 19:13:59,479:INFO:common:yaml file: config\config.yaml loaded successfully]
[2023-09-23 19:13:59,483:INFO:common:yaml file: params.yaml loaded successfully]
[2023-09-23 19:13:59,484:INFO:common:created directory at: artifacts]
[2023-09-23 19:13:59,487:INFO:common:created directory at: artifacts\prepare_callbacks\checkpoint_dir]
[2023-09-23 19:13:59,490:INFO:common:created directory at: artifacts\prepare_callbacks\tensorboard_log_dir]
[2023-09-23 19:13:59,494:INFO:common:created directory at: artifacts\training]
[2023-09-23 19:15:22,772:INFO:main:>>>>>> stage Training completed <<<<<<

x==========x]
[2023-09-23 19:15:22,773:INFO:main:*******************]
[2023-09-23 19:15:22,773:INFO:main:>>>>>> stage Evaluation stage  started <<<<<<]
[2023-09-23 19:15:22,786:INFO:common:yaml file: config\config.yaml loaded successfully]
[2023-09-23 19:15:22,792:INFO:common:yaml file: params.yaml loaded successfully]
[2023-09-23 19:15:22,794:INFO:common:created directory at: artifacts]
[2023-09-23 19:15:50,521:INFO:common:json file saved at: scores.json]
[2023-09-23 19:15:50,523:INFO:main:>>>>>> stage Evaluation stage  completed <<<<<<

x==========x]
