[2023-09-03 15:40:16,303:INFO:common:yaml file: config\config.yaml loaded successfully]
[2023-09-03 15:40:16,305:INFO:common:yaml file: params.yaml loaded successfully]
[2023-09-03 15:40:16,305:INFO:common:created directory at: artifacts]
[2023-09-03 15:40:16,306:INFO:common:created directory at: artifacts/prepare_base_model]
[2023-09-03 15:40:16,851:WARNING:saving_utils:Compiled the loaded model, but the compiled metrics have yet to be built. `model.compile_metrics` will be empty until you train or evaluate the model.]
[2023-09-03 15:40:20,598:INFO:main:>>>>stageData Ingestion stage started<<<<<<<]
[2023-09-03 15:40:20,621:INFO:common:yaml file: config\config.yaml loaded successfully]
[2023-09-03 15:40:20,635:INFO:common:yaml file: params.yaml loaded successfully]
[2023-09-03 15:40:20,637:INFO:common:created directory at: artifacts]
[2023-09-03 15:40:20,639:INFO:common:created directory at: artifacts/data_ingestion]
[2023-09-03 15:40:20,640:INFO:data_ingestion:File already exists of size: ~ 11345 KB]
[2023-09-03 15:40:21,904:INFO:main:>>>>stage Data Ingestion stage completed  <<<<

x===========x]
[2023-09-03 15:40:21,905:INFO:main:>>>>stagePrepare Base Model started<<<<<<<]
[2023-09-03 15:40:21,910:INFO:common:yaml file: config\config.yaml loaded successfully]
[2023-09-03 15:40:21,916:INFO:common:yaml file: params.yaml loaded successfully]
[2023-09-03 15:40:21,917:INFO:common:created directory at: artifacts]
[2023-09-03 15:40:21,917:INFO:common:created directory at: artifacts/prepare_base_model]
[2023-09-03 15:40:22,491:WARNING:saving_utils:Compiled the loaded model, but the compiled metrics have yet to be built. `model.compile_metrics` will be empty until you train or evaluate the model.]
[2023-09-03 15:40:32,939:INFO:main:>>>>stage Prepare Base Model completed  <<<<

x===========x]
[2023-09-03 15:40:32,940:INFO:main:*******************]
[2023-09-03 15:40:32,941:INFO:main:>>>>>> stage Training started <<<<<<]
[2023-09-03 15:40:32,944:INFO:common:yaml file: config\config.yaml loaded successfully]
[2023-09-03 15:40:32,946:INFO:common:yaml file: params.yaml loaded successfully]
[2023-09-03 15:40:32,947:INFO:common:created directory at: artifacts]
[2023-09-03 15:40:32,947:INFO:common:created directory at: artifacts\prepare_callbacks\checkpoint_dir]
[2023-09-03 15:40:32,948:INFO:common:created directory at: artifacts\prepare_callbacks\tensorboard_log_dir]
[2023-09-03 15:40:32,950:ERROR:main:'WindowsPath' object has no attribute 'endswith']
Traceback (most recent call last):
  File "main.py", line 37, in <module>
    model_trainer.main()
  File "D:\CHICKEN\Coccidiosis_Chiken_disease_classification\Chicken_disease_classification\pipeline\stage_03_training.py", line 17, in main
    callback_list = prepare_callbacks.get_tb_ckpt_callbacks()
  File "D:\CHICKEN\Coccidiosis_Chiken_disease_classification\Chicken_disease_classification\components\prepare_callbacks.py", line 36, in get_tb_ckpt_callbacks
    self._create_ckpt_callbacks
  File "D:\CHICKEN\Coccidiosis_Chiken_disease_classification\Chicken_disease_classification\components\prepare_callbacks.py", line 27, in _create_ckpt_callbacks
    return tf.keras.callbacks.ModelCheckpoint(
  File "C:\Users\rajes\.conda\envs\chicken_disease\lib\site-packages\keras\src\callbacks.py", line 1369, in __init__
    if filepath and filepath.endswith(".keras") and options is not None:
AttributeError: 'WindowsPath' object has no attribute 'endswith'
