[2023-09-03 15:35:29,105:INFO:common:yaml file: config\config.yaml loaded successfully]
[2023-09-03 15:35:29,107:INFO:common:yaml file: params.yaml loaded successfully]
[2023-09-03 15:35:29,108:INFO:common:created directory at: artifacts]
[2023-09-03 15:35:29,108:INFO:common:created directory at: artifacts/prepare_base_model]
[2023-09-03 15:35:29,652:WARNING:saving_utils:Compiled the loaded model, but the compiled metrics have yet to be built. `model.compile_metrics` will be empty until you train or evaluate the model.]
[2023-09-03 15:35:33,017:INFO:main:>>>>stageData Ingestion stage started<<<<<<<]
[2023-09-03 15:35:33,024:INFO:common:yaml file: config\config.yaml loaded successfully]
[2023-09-03 15:35:33,028:INFO:common:yaml file: params.yaml loaded successfully]
[2023-09-03 15:35:33,029:INFO:common:created directory at: artifacts]
[2023-09-03 15:35:33,031:INFO:common:created directory at: artifacts/data_ingestion]
[2023-09-03 15:35:33,032:INFO:data_ingestion:File already exists of size: ~ 11345 KB]
[2023-09-03 15:35:34,471:INFO:main:>>>>stage Data Ingestion stage completed  <<<<

x===========x]
[2023-09-03 15:35:34,472:INFO:main:>>>>stagePrepare Base Model started<<<<<<<]
[2023-09-03 15:35:34,476:INFO:common:yaml file: config\config.yaml loaded successfully]
[2023-09-03 15:35:34,479:INFO:common:yaml file: params.yaml loaded successfully]
[2023-09-03 15:35:34,480:INFO:common:created directory at: artifacts]
[2023-09-03 15:35:34,481:INFO:common:created directory at: artifacts/prepare_base_model]
[2023-09-03 15:35:35,019:WARNING:saving_utils:Compiled the loaded model, but the compiled metrics have yet to be built. `model.compile_metrics` will be empty until you train or evaluate the model.]
[2023-09-03 15:35:38,301:INFO:main:>>>>stage Prepare Base Model completed  <<<<

x===========x]
[2023-09-03 15:35:38,303:INFO:main:>>>>stageTraining started<<<<<<<]
[2023-09-03 15:35:38,315:INFO:common:yaml file: config\config.yaml loaded successfully]
[2023-09-03 15:35:38,321:INFO:common:yaml file: params.yaml loaded successfully]
[2023-09-03 15:35:38,324:INFO:common:created directory at: artifacts]
[2023-09-03 15:35:38,326:INFO:common:created directory at: artifacts\prepare_callbacks\checkpoint_dir]
[2023-09-03 15:35:38,328:INFO:common:created directory at: artifacts\prepare_callbacks\tensorboard_log_dir]
