[2023-08-27 13:16:50,517:INFO:common:yaml file: config\config.yaml loaded successfully]
[2023-08-27 13:16:50,524:INFO:common:yaml file: params.yaml loaded successfully]
[2023-08-27 13:19:06,201:INFO:common:yaml file: config\config.yaml loaded successfully]
[2023-08-27 13:19:06,205:INFO:common:yaml file: params.yaml loaded successfully]
[2023-08-27 13:19:11,961:INFO:common:yaml file: config\config.yaml loaded successfully]
[2023-08-27 13:19:11,967:INFO:common:yaml file: params.yaml loaded successfully]
[2023-08-27 13:32:06,996:INFO:common:yaml file: config\config.yaml loaded successfully]
[2023-08-27 13:32:06,999:INFO:common:yaml file: params.yaml loaded successfully]
[2023-08-27 13:35:38,403:INFO:common:yaml file: config\config.yaml loaded successfully]
[2023-08-27 13:35:38,408:INFO:common:yaml file: params.yaml loaded successfully]
[2023-08-27 13:44:06,627:INFO:common:yaml file: config\config.yaml loaded successfully]
[2023-08-27 13:44:06,640:INFO:common:yaml file: params.yaml loaded successfully]
[2023-08-27 13:44:06,647:INFO:common:created directory at: artifacts]
[2023-08-27 13:44:06,719:INFO:common:created directory at: artifacts/data_ingestion]
[2023-08-27 13:44:14,292:INFO:1170291011:artifacts/data_ingestion/data.zip download! with following info: 
Connection: close
Content-Length: 11616915
Cache-Control: max-age=300
Content-Security-Policy: default-src 'none'; style-src 'unsafe-inline'; sandbox
Content-Type: application/zip
ETag: "adf745abc03891fe493c3be264ec012691fe3fa21d861f35a27edbe6d86a76b1"
Strict-Transport-Security: max-age=31536000
X-Content-Type-Options: nosniff
X-Frame-Options: deny
X-XSS-Protection: 1; mode=block
X-GitHub-Request-Id: 89D0:DE32C:107BD2:18A5B1:64EB05CC
Accept-Ranges: bytes
Date: Sun, 27 Aug 2023 08:14:07 GMT
Via: 1.1 varnish
X-Served-By: cache-hyd1100021-HYD
X-Cache: MISS
X-Cache-Hits: 0
X-Timer: S1693124047.994224,VS0,VE991
Vary: Authorization,Accept-Encoding,Origin
Access-Control-Allow-Origin: *
Cross-Origin-Resource-Policy: cross-origin
X-Fastly-Request-ID: 6721e8f3057043a268422caea6a03a121b946475
Expires: Sun, 27 Aug 2023 08:19:07 GMT
Source-Age: 1

]
[2023-08-27 14:31:08,432:INFO:main:>>>>stageData Ingestion stage started<<<<<<<]
[2023-08-27 14:31:08,446:INFO:common:yaml file: config\config.yaml loaded successfully]
[2023-08-27 14:31:08,450:INFO:common:yaml file: params.yaml loaded successfully]
[2023-08-27 14:31:08,451:INFO:common:created directory at: artifacts]
[2023-08-27 14:31:08,451:INFO:common:created directory at: artifacts/data_ingestion]
[2023-08-27 14:31:08,452:INFO:data_ingestion:File already exists of size: ~ 11345 KB]
[2023-08-27 14:31:09,323:INFO:main:>>>>stage Data Ingestion stage completed  <<<<

x===========x]
[2023-08-27 14:32:14,830:INFO:main:>>>>stageData Ingestion stage started<<<<<<<]
[2023-08-27 14:32:14,836:INFO:common:yaml file: config\config.yaml loaded successfully]
[2023-08-27 14:32:14,839:INFO:common:yaml file: params.yaml loaded successfully]
[2023-08-27 14:32:14,842:INFO:common:created directory at: artifacts]
[2023-08-27 14:32:14,842:INFO:common:created directory at: artifacts/data_ingestion]
[2023-08-27 14:32:19,906:INFO:data_ingestion:artifacts/data_ingestion/data.zip download! with following info: 
Connection: close
Content-Length: 11616915
Cache-Control: max-age=300
Content-Security-Policy: default-src 'none'; style-src 'unsafe-inline'; sandbox
Content-Type: application/zip
ETag: "adf745abc03891fe493c3be264ec012691fe3fa21d861f35a27edbe6d86a76b1"
Strict-Transport-Security: max-age=31536000
X-Content-Type-Options: nosniff
X-Frame-Options: deny
X-XSS-Protection: 1; mode=block
X-GitHub-Request-Id: 89D0:DE32C:107BD2:18A5B1:64EB05CC
Accept-Ranges: bytes
Date: Sun, 27 Aug 2023 09:02:16 GMT
Via: 1.1 varnish
X-Served-By: cache-hyd1100028-HYD
X-Cache: HIT
X-Cache-Hits: 0
X-Timer: S1693126936.207564,VS0,VE288
Vary: Authorization,Accept-Encoding,Origin
Access-Control-Allow-Origin: *
Cross-Origin-Resource-Policy: cross-origin
X-Fastly-Request-ID: e24d7a5cc8e7f4d5610ee3c97e5a8d78ace81d03
Expires: Sun, 27 Aug 2023 09:07:16 GMT
Source-Age: 0

]
[2023-08-27 14:32:22,032:INFO:main:>>>>stage Data Ingestion stage completed  <<<<

x===========x]
[2023-08-30 16:23:55,028:INFO:common:yaml file: config\config.yaml loaded successfully]
[2023-08-30 16:23:55,043:INFO:common:yaml file: params.yaml loaded successfully]
[2023-08-30 16:23:55,051:INFO:common:created directory at: artifacts]
[2023-08-30 16:23:55,058:INFO:common:created directory at: artifacts/prepare_base_model]
[2023-08-30 16:24:16,540:WARNING:saving_utils:Compiled the loaded model, but the compiled metrics have yet to be built. `model.compile_metrics` will be empty until you train or evaluate the model.]
[2023-08-30 16:30:29,737:INFO:main:>>>>stageData Ingestion stage started<<<<<<<]
[2023-08-30 16:30:29,746:INFO:common:yaml file: config\config.yaml loaded successfully]
[2023-08-30 16:30:29,751:INFO:common:yaml file: params.yaml loaded successfully]
[2023-08-30 16:30:29,752:INFO:common:created directory at: artifacts]
[2023-08-30 16:30:29,754:INFO:common:created directory at: artifacts/data_ingestion]
[2023-08-30 16:30:34,576:INFO:data_ingestion:artifacts/data_ingestion/data.zip download! with following info: 
Connection: close
Content-Length: 11616915
Cache-Control: max-age=300
Content-Security-Policy: default-src 'none'; style-src 'unsafe-inline'; sandbox
Content-Type: application/zip
ETag: "adf745abc03891fe493c3be264ec012691fe3fa21d861f35a27edbe6d86a76b1"
Strict-Transport-Security: max-age=31536000
X-Content-Type-Options: nosniff
X-Frame-Options: deny
X-XSS-Protection: 1; mode=block
X-GitHub-Request-Id: E090:2125BB:602DE:9075D:64EF214E
Accept-Ranges: bytes
Date: Wed, 30 Aug 2023 11:00:31 GMT
Via: 1.1 varnish
X-Served-By: cache-hyd1100022-HYD
X-Cache: MISS
X-Cache-Hits: 0
X-Timer: S1693393231.912098,VS0,VE886
Vary: Authorization,Accept-Encoding,Origin
Access-Control-Allow-Origin: *
Cross-Origin-Resource-Policy: cross-origin
X-Fastly-Request-ID: d5afe90de3bbb46a21773cf782ab4abe071e9357
Expires: Wed, 30 Aug 2023 11:05:31 GMT
Source-Age: 0

]
[2023-08-30 16:30:37,011:INFO:main:>>>>stage Data Ingestion stage completed  <<<<

x===========x]
[2023-08-30 17:19:39,217:INFO:common:yaml file: config\config.yaml loaded successfully]
[2023-08-30 17:19:39,220:INFO:common:yaml file: params.yaml loaded successfully]
[2023-08-30 17:19:39,221:INFO:common:created directory at: artifacts]
[2023-08-30 17:19:39,222:INFO:common:created directory at: artifacts/prepare_base_model]
[2023-08-30 17:19:39,828:WARNING:saving_utils:Compiled the loaded model, but the compiled metrics have yet to be built. `model.compile_metrics` will be empty until you train or evaluate the model.]
[2023-08-30 17:19:43,566:INFO:main:>>>>stageData Ingestion stage started<<<<<<<]
[2023-08-30 17:19:43,578:INFO:common:yaml file: config\config.yaml loaded successfully]
[2023-08-30 17:19:43,588:INFO:common:yaml file: params.yaml loaded successfully]
[2023-08-30 17:19:43,591:INFO:common:created directory at: artifacts]
[2023-08-30 17:19:43,593:INFO:common:created directory at: artifacts/data_ingestion]
[2023-08-30 17:19:43,595:INFO:data_ingestion:File already exists of size: ~ 11345 KB]
[2023-08-30 17:19:44,759:INFO:main:>>>>stage Data Ingestion stage completed  <<<<

x===========x]
[2023-08-30 17:19:44,760:INFO:main:>>>>stagePrepare Base Model started<<<<<<<]
[2023-08-30 17:19:44,764:INFO:common:yaml file: config\config.yaml loaded successfully]
[2023-08-30 17:19:44,770:INFO:common:yaml file: params.yaml loaded successfully]
[2023-08-30 17:19:44,773:INFO:common:created directory at: artifacts]
[2023-08-30 17:19:44,774:INFO:common:created directory at: artifacts/prepare_base_model]
[2023-08-30 17:19:45,636:WARNING:saving_utils:Compiled the loaded model, but the compiled metrics have yet to be built. `model.compile_metrics` will be empty until you train or evaluate the model.]
[2023-08-30 17:19:49,314:INFO:main:>>>>stage Prepare Base Model completed  <<<<

x===========x]
[2023-08-30 17:21:42,984:INFO:common:yaml file: config\config.yaml loaded successfully]
[2023-08-30 17:21:42,987:INFO:common:yaml file: params.yaml loaded successfully]
[2023-08-30 17:21:42,989:INFO:common:created directory at: artifacts]
[2023-08-30 17:21:42,990:INFO:common:created directory at: artifacts/prepare_base_model]
[2023-08-30 17:21:43,637:WARNING:saving_utils:Compiled the loaded model, but the compiled metrics have yet to be built. `model.compile_metrics` will be empty until you train or evaluate the model.]
[2023-08-30 17:21:44,914:INFO:main:>>>>stageData Ingestion stage started<<<<<<<]
[2023-08-30 17:21:44,922:INFO:common:yaml file: config\config.yaml loaded successfully]
[2023-08-30 17:21:44,930:INFO:common:yaml file: params.yaml loaded successfully]
[2023-08-30 17:21:44,932:INFO:common:created directory at: artifacts]
[2023-08-30 17:21:44,935:INFO:common:created directory at: artifacts/data_ingestion]
[2023-08-30 17:21:49,191:INFO:data_ingestion:artifacts/data_ingestion/data.zip download! with following info: 
Connection: close
Content-Length: 11616915
Cache-Control: max-age=300
Content-Security-Policy: default-src 'none'; style-src 'unsafe-inline'; sandbox
Content-Type: application/zip
ETag: "adf745abc03891fe493c3be264ec012691fe3fa21d861f35a27edbe6d86a76b1"
Strict-Transport-Security: max-age=31536000
X-Content-Type-Options: nosniff
X-Frame-Options: deny
X-XSS-Protection: 1; mode=block
X-GitHub-Request-Id: E090:2125BB:602DE:9075D:64EF214E
Accept-Ranges: bytes
Date: Wed, 30 Aug 2023 11:51:46 GMT
Via: 1.1 varnish
X-Served-By: cache-hyd1100020-HYD
X-Cache: HIT
X-Cache-Hits: 0
X-Timer: S1693396306.221484,VS0,VE343
Vary: Authorization,Accept-Encoding,Origin
Access-Control-Allow-Origin: *
Cross-Origin-Resource-Policy: cross-origin
X-Fastly-Request-ID: 0982f10eba72a0bd2bc974e79917ce9fcf7ca8b0
Expires: Wed, 30 Aug 2023 11:56:46 GMT
Source-Age: 0

]
[2023-08-30 17:21:51,081:INFO:main:>>>>stage Data Ingestion stage completed  <<<<

x===========x]
[2023-08-30 17:21:51,082:INFO:main:>>>>stagePrepare Base Model started<<<<<<<]
[2023-08-30 17:21:51,085:INFO:common:yaml file: config\config.yaml loaded successfully]
[2023-08-30 17:21:51,088:INFO:common:yaml file: params.yaml loaded successfully]
[2023-08-30 17:21:51,089:INFO:common:created directory at: artifacts]
[2023-08-30 17:21:51,090:INFO:common:created directory at: artifacts/prepare_base_model]
[2023-08-30 17:21:51,625:WARNING:saving_utils:Compiled the loaded model, but the compiled metrics have yet to be built. `model.compile_metrics` will be empty until you train or evaluate the model.]
[2023-08-30 17:21:55,271:INFO:main:>>>>stage Prepare Base Model completed  <<<<

x===========x]
