[2023-09-03 16:13:32,236:INFO:common:yaml file: config\config.yaml loaded successfully]
[2023-09-03 16:13:32,238:INFO:common:yaml file: params.yaml loaded successfully]
[2023-09-03 16:13:32,239:INFO:common:created directory at: artifacts]
[2023-09-03 16:13:32,239:INFO:common:created directory at: artifacts/prepare_base_model]
[2023-09-03 16:13:32,801:WARNING:saving_utils:Compiled the loaded model, but the compiled metrics have yet to be built. `model.compile_metrics` will be empty until you train or evaluate the model.]
[2023-09-03 16:13:34,881:INFO:main:>>>>stageData Ingestion stage started<<<<<<<]
[2023-09-03 16:13:34,892:INFO:common:yaml file: config\config.yaml loaded successfully]
[2023-09-03 16:13:34,900:INFO:common:yaml file: params.yaml loaded successfully]
[2023-09-03 16:13:34,902:INFO:common:created directory at: artifacts]
[2023-09-03 16:13:34,905:INFO:common:created directory at: artifacts/data_ingestion]
[2023-09-03 16:13:34,907:INFO:data_ingestion:File already exists of size: ~ 11345 KB]
[2023-09-03 16:13:35,873:INFO:main:>>>>stage Data Ingestion stage completed  <<<<

x===========x]
[2023-09-03 16:13:35,874:INFO:main:>>>>stagePrepare Base Model started<<<<<<<]
[2023-09-03 16:13:35,881:INFO:common:yaml file: config\config.yaml loaded successfully]
[2023-09-03 16:13:35,884:INFO:common:yaml file: params.yaml loaded successfully]
[2023-09-03 16:13:35,885:INFO:common:created directory at: artifacts]
[2023-09-03 16:13:35,885:INFO:common:created directory at: artifacts/prepare_base_model]
[2023-09-03 16:13:36,489:WARNING:saving_utils:Compiled the loaded model, but the compiled metrics have yet to be built. `model.compile_metrics` will be empty until you train or evaluate the model.]
[2023-09-03 16:13:38,549:INFO:main:>>>>stage Prepare Base Model completed  <<<<

x===========x]
[2023-09-03 16:13:38,550:INFO:main:*******************]
[2023-09-03 16:13:38,551:INFO:main:>>>>>> stage Training started <<<<<<]
[2023-09-03 16:13:38,565:INFO:common:yaml file: config\config.yaml loaded successfully]
[2023-09-03 16:13:38,572:INFO:common:yaml file: params.yaml loaded successfully]
[2023-09-03 16:13:38,574:INFO:common:created directory at: artifacts]
[2023-09-03 16:13:38,575:INFO:common:created directory at: artifacts\prepare_callbacks\checkpoint_dir]
[2023-09-03 16:13:38,577:INFO:common:created directory at: artifacts\prepare_callbacks\tensorboard_log_dir]
[2023-09-03 16:13:38,581:INFO:common:created directory at: artifacts\training]
[2023-09-03 16:15:03,118:INFO:main:>>>>>> stage Training completed <<<<<<

x==========x]
