[2023-08-30 19:11:45,107:INFO:common:yaml file: config\config.yaml loaded successfully]
[2023-08-30 19:11:45,109:INFO:common:yaml file: params.yaml loaded successfully]
[2023-08-30 19:11:45,110:INFO:common:created directory at: artifacts]
[2023-08-30 19:11:45,110:INFO:common:created directory at: artifacts/prepare_base_model]
[2023-08-30 19:11:45,772:WARNING:saving_utils:Compiled the loaded model, but the compiled metrics have yet to be built. `model.compile_metrics` will be empty until you train or evaluate the model.]
[2023-08-30 19:11:49,262:INFO:main:>>>>stageData Ingestion stage started<<<<<<<]
[2023-08-30 19:11:49,264:INFO:common:yaml file: config\config.yaml loaded successfully]
[2023-08-30 19:11:49,267:INFO:common:yaml file: params.yaml loaded successfully]
[2023-08-30 19:11:49,268:INFO:common:created directory at: artifacts]
[2023-08-30 19:11:49,268:INFO:common:created directory at: artifacts/data_ingestion]
[2023-08-30 19:11:49,269:INFO:data_ingestion:File already exists of size: ~ 11345 KB]
[2023-08-30 19:11:49,839:INFO:main:>>>>stage Data Ingestion stage completed  <<<<

x===========x]
[2023-08-30 19:11:49,840:INFO:main:>>>>stagePrepare Base Model started<<<<<<<]
[2023-08-30 19:11:49,843:INFO:common:yaml file: config\config.yaml loaded successfully]
[2023-08-30 19:11:49,846:INFO:common:yaml file: params.yaml loaded successfully]
[2023-08-30 19:11:49,847:INFO:common:created directory at: artifacts]
[2023-08-30 19:11:49,848:INFO:common:created directory at: artifacts/prepare_base_model]
[2023-08-30 19:11:50,434:WARNING:saving_utils:Compiled the loaded model, but the compiled metrics have yet to be built. `model.compile_metrics` will be empty until you train or evaluate the model.]
[2023-08-30 19:11:53,628:INFO:main:>>>>stage Prepare Base Model completed  <<<<

x===========x]
