[2023-09-24 11:55:18,035:INFO:common:yaml file: config\config.yaml loaded successfully]
[2023-09-24 11:55:18,042:INFO:common:yaml file: params.yaml loaded successfully]
[2023-09-24 11:55:18,044:INFO:common:created directory at: artifacts]
[2023-09-24 11:55:18,045:INFO:common:created directory at: artifacts/prepare_base_model]
[2023-09-24 11:55:19,279:WARNING:saving_utils:Compiled the loaded model, but the compiled metrics have yet to be built. `model.compile_metrics` will be empty until you train or evaluate the model.]
[2023-09-24 11:55:20,114:INFO:main:>>>>stageData Ingestion stage started<<<<<<<]
[2023-09-24 11:55:20,121:INFO:common:yaml file: config\config.yaml loaded successfully]
[2023-09-24 11:55:20,125:INFO:common:yaml file: params.yaml loaded successfully]
[2023-09-24 11:55:20,126:INFO:common:created directory at: artifacts]
[2023-09-24 11:55:20,126:INFO:common:created directory at: artifacts/data_ingestion]
[2023-09-24 11:55:20,127:INFO:data_ingestion:File already exists of size: ~ 11345 KB]
[2023-09-24 11:55:20,794:INFO:main:>>>>stage Data Ingestion stage completed  <<<<

x===========x]
[2023-09-24 11:55:20,795:INFO:main:>>>>stagePrepare Base Model started<<<<<<<]
[2023-09-24 11:55:20,801:INFO:common:yaml file: config\config.yaml loaded successfully]
[2023-09-24 11:55:20,805:INFO:common:yaml file: params.yaml loaded successfully]
[2023-09-24 11:55:20,806:INFO:common:created directory at: artifacts]
[2023-09-24 11:55:20,807:INFO:common:created directory at: artifacts/prepare_base_model]
[2023-09-24 11:55:21,580:WARNING:saving_utils:Compiled the loaded model, but the compiled metrics have yet to be built. `model.compile_metrics` will be empty until you train or evaluate the model.]
[2023-09-24 11:55:22,363:INFO:main:>>>>stage Prepare Base Model completed  <<<<

x===========x]
[2023-09-24 11:55:22,365:INFO:main:*******************]
[2023-09-24 11:55:22,366:INFO:main:>>>>>> stage Training started <<<<<<]
[2023-09-24 11:55:22,378:INFO:common:yaml file: config\config.yaml loaded successfully]
[2023-09-24 11:55:22,385:INFO:common:yaml file: params.yaml loaded successfully]
[2023-09-24 11:55:22,387:INFO:common:created directory at: artifacts]
[2023-09-24 11:55:22,388:INFO:common:created directory at: artifacts\prepare_callbacks\checkpoint_dir]
[2023-09-24 11:55:22,389:INFO:common:created directory at: artifacts\prepare_callbacks\tensorboard_log_dir]
[2023-09-24 11:55:22,393:INFO:common:created directory at: artifacts\training]
[2023-09-24 11:57:03,521:INFO:main:>>>>>> stage Training completed <<<<<<

x==========x]
[2023-09-24 11:57:03,522:INFO:main:*******************]
[2023-09-24 11:57:03,523:INFO:main:>>>>>> stage Evaluation stage  started <<<<<<]
[2023-09-24 11:57:03,537:INFO:common:yaml file: config\config.yaml loaded successfully]
[2023-09-24 11:57:03,547:INFO:common:yaml file: params.yaml loaded successfully]
[2023-09-24 11:57:03,551:INFO:common:created directory at: artifacts]
[2023-09-24 11:57:37,971:INFO:common:json file saved at: scores.json]
[2023-09-24 11:57:37,972:INFO:main:>>>>>> stage Evaluation stage  completed <<<<<<

x==========x]
