[2023-09-24 11:50:07,516:INFO:common:yaml file: config\config.yaml loaded successfully]
[2023-09-24 11:50:07,523:INFO:common:yaml file: params.yaml loaded successfully]
[2023-09-24 11:50:07,525:INFO:common:created directory at: artifacts]
[2023-09-24 11:50:07,528:INFO:common:created directory at: artifacts/prepare_base_model]
[2023-09-24 11:50:09,190:WARNING:saving_utils:Compiled the loaded model, but the compiled metrics have yet to be built. `model.compile_metrics` will be empty until you train or evaluate the model.]
[2023-09-24 11:50:10,581:INFO:main:>>>>stageData Ingestion stage started<<<<<<<]
[2023-09-24 11:50:10,593:INFO:common:yaml file: config\config.yaml loaded successfully]
[2023-09-24 11:50:10,600:INFO:common:yaml file: params.yaml loaded successfully]
[2023-09-24 11:50:10,602:INFO:common:created directory at: artifacts]
[2023-09-24 11:50:10,603:INFO:common:created directory at: artifacts/data_ingestion]
[2023-09-24 11:50:10,605:INFO:data_ingestion:File already exists of size: ~ 11345 KB]
[2023-09-24 11:50:11,799:INFO:main:>>>>stage Data Ingestion stage completed  <<<<

x===========x]
[2023-09-24 11:50:11,802:INFO:main:>>>>stagePrepare Base Model started<<<<<<<]
[2023-09-24 11:50:11,815:INFO:common:yaml file: config\config.yaml loaded successfully]
[2023-09-24 11:50:11,823:INFO:common:yaml file: params.yaml loaded successfully]
[2023-09-24 11:50:11,824:INFO:common:created directory at: artifacts]
[2023-09-24 11:50:11,826:INFO:common:created directory at: artifacts/prepare_base_model]
[2023-09-24 11:50:13,101:WARNING:saving_utils:Compiled the loaded model, but the compiled metrics have yet to be built. `model.compile_metrics` will be empty until you train or evaluate the model.]
[2023-09-24 11:50:14,165:INFO:main:>>>>stage Prepare Base Model completed  <<<<

x===========x]
[2023-09-24 11:50:14,166:INFO:main:*******************]
[2023-09-24 11:50:14,167:INFO:main:>>>>>> stage Training started <<<<<<]
[2023-09-24 11:50:14,179:INFO:common:yaml file: config\config.yaml loaded successfully]
[2023-09-24 11:50:14,186:INFO:common:yaml file: params.yaml loaded successfully]
[2023-09-24 11:50:14,187:INFO:common:created directory at: artifacts]
[2023-09-24 11:50:14,189:INFO:common:created directory at: artifacts\prepare_callbacks\checkpoint_dir]
[2023-09-24 11:50:14,190:INFO:common:created directory at: artifacts\prepare_callbacks\tensorboard_log_dir]
[2023-09-24 11:50:14,215:INFO:common:created directory at: artifacts\training]
[2023-09-24 11:52:57,507:INFO:main:>>>>>> stage Training completed <<<<<<

x==========x]
[2023-09-24 11:52:57,527:INFO:main:*******************]
[2023-09-24 11:52:57,542:INFO:main:>>>>>> stage Evaluation stage  started <<<<<<]
[2023-09-24 11:52:57,552:INFO:common:yaml file: config\config.yaml loaded successfully]
[2023-09-24 11:52:57,574:INFO:common:yaml file: params.yaml loaded successfully]
[2023-09-24 11:52:57,587:INFO:common:created directory at: artifacts]
[2023-09-24 11:53:54,859:INFO:common:json file saved at: scores.json]
[2023-09-24 11:53:54,860:INFO:main:>>>>>> stage Evaluation stage  completed <<<<<<

x==========x]
