[2023-09-03 16:08:52,392:INFO:common:yaml file: config\config.yaml loaded successfully]
[2023-09-03 16:08:52,421:INFO:common:yaml file: params.yaml loaded successfully]
[2023-09-03 16:08:52,435:INFO:common:created directory at: artifacts]
[2023-09-03 16:08:52,458:INFO:common:created directory at: artifacts/prepare_base_model]
[2023-09-03 16:08:54,082:WARNING:saving_utils:Compiled the loaded model, but the compiled metrics have yet to be built. `model.compile_metrics` will be empty until you train or evaluate the model.]
[2023-09-03 16:09:01,006:INFO:main:>>>>stageData Ingestion stage started<<<<<<<]
[2023-09-03 16:09:01,018:INFO:common:yaml file: config\config.yaml loaded successfully]
[2023-09-03 16:09:01,026:INFO:common:yaml file: params.yaml loaded successfully]
[2023-09-03 16:09:01,028:INFO:common:created directory at: artifacts]
[2023-09-03 16:09:01,029:INFO:common:created directory at: artifacts/data_ingestion]
[2023-09-03 16:09:01,030:INFO:data_ingestion:File already exists of size: ~ 11345 KB]
[2023-09-03 16:09:09,637:INFO:main:>>>>stage Data Ingestion stage completed  <<<<

x===========x]
[2023-09-03 16:09:09,639:INFO:main:>>>>stagePrepare Base Model started<<<<<<<]
[2023-09-03 16:09:09,654:INFO:common:yaml file: config\config.yaml loaded successfully]
[2023-09-03 16:09:09,662:INFO:common:yaml file: params.yaml loaded successfully]
[2023-09-03 16:09:09,664:INFO:common:created directory at: artifacts]
[2023-09-03 16:09:09,667:INFO:common:created directory at: artifacts/prepare_base_model]
[2023-09-03 16:09:10,505:WARNING:saving_utils:Compiled the loaded model, but the compiled metrics have yet to be built. `model.compile_metrics` will be empty until you train or evaluate the model.]
[2023-09-03 16:09:14,058:INFO:main:>>>>stage Prepare Base Model completed  <<<<

x===========x]
[2023-09-03 16:09:14,060:INFO:main:*******************]
[2023-09-03 16:09:14,062:INFO:main:>>>>>> stage Training started <<<<<<]
[2023-09-03 16:09:14,075:INFO:common:yaml file: config\config.yaml loaded successfully]
[2023-09-03 16:09:14,086:INFO:common:yaml file: params.yaml loaded successfully]
[2023-09-03 16:09:14,089:INFO:common:created directory at: artifacts]
[2023-09-03 16:09:14,091:INFO:common:created directory at: artifacts\prepare_callbacks\checkpoint_dir]
[2023-09-03 16:09:14,094:INFO:common:created directory at: artifacts\prepare_callbacks\tensorboard_log_dir]
[2023-09-03 16:09:14,103:ERROR:main:'WindowsPath' object has no attribute 'endswith']
Traceback (most recent call last):
  File "main.py", line 37, in <module>
    model_trainer.main()
  File "D:\CHICKEN\Coccidiosis_Chiken_disease_classification\Chicken_disease_classification\pipeline\stage_03_training.py", line 17, in main
    callback_list = prepare_callbacks.get_tb_ckpt_callbacks()
  File "D:\CHICKEN\Coccidiosis_Chiken_disease_classification\Chicken_disease_classification\components\prepare_callbacks.py", line 36, in get_tb_ckpt_callbacks
    self._create_ckpt_callbacks
  File "D:\CHICKEN\Coccidiosis_Chiken_disease_classification\Chicken_disease_classification\components\prepare_callbacks.py", line 27, in _create_ckpt_callbacks
    return tf.keras.callbacks.ModelCheckpoint(
  File "C:\Users\rajes\.conda\envs\chicken_disease\lib\site-packages\keras\src\callbacks.py", line 1369, in __init__
    if filepath and filepath.endswith(".keras") and options is not None:
AttributeError: 'WindowsPath' object has no attribute 'endswith'
